<?xml version="1.0" encoding="UTF-8"?>
<testng-results skipped="0" failed="0" total="13" passed="13">
  <reporter-output>
  </reporter-output>
  <suite name="Command line suite" duration-ms="236" started-at="2017-03-23T11:48:06Z" finished-at="2017-03-23T11:48:06Z">
    <groups>
    </groups>
    <test name="Command line test" duration-ms="236" started-at="2017-03-23T11:48:06Z" finished-at="2017-03-23T11:48:06Z">
      <class name="com.psl.testng.testNGCase">
        <test-method status="PASS" signature="testList1Empty()[pri:0, instance:com.psl.testng.testNGCase@573f2bb1]" name="testList1Empty" duration-ms="1" started-at="2017-03-23T11:48:06Z" finished-at="2017-03-23T11:48:06Z">
        </test-method>
        <test-method status="PASS" signature="testList1NotEmpty()[pri:0, instance:com.psl.testng.testNGCase@573f2bb1]" name="testList1NotEmpty" duration-ms="1" started-at="2017-03-23T11:48:06Z" finished-at="2017-03-23T11:48:06Z">
        </test-method>
        <test-method status="PASS" signature="testListEmpty()[pri:0, instance:com.psl.testng.testNGCase@573f2bb1]" name="testListEmpty" duration-ms="0" started-at="2017-03-23T11:48:06Z" finished-at="2017-03-23T11:48:06Z">
        </test-method>
        <test-method status="PASS" signature="testListNotEmpty()[pri:0, instance:com.psl.testng.testNGCase@573f2bb1]" name="testListNotEmpty" duration-ms="0" started-at="2017-03-23T11:48:06Z" finished-at="2017-03-23T11:48:06Z">
        </test-method>
      </class>
      <class name="com.psl.testng.AddInvDtlsCase">
        <test-method status="PASS" signature="testBlankFields()[pri:0, instance:com.psl.testng.AddInvDtlsCase@3c756e4d]" name="testBlankFields" duration-ms="214" started-at="2017-03-23T11:48:06Z" finished-at="2017-03-23T11:48:06Z">
        </test-method>
        <test-method status="PASS" signature="testForValidFields()[pri:0, instance:com.psl.testng.AddInvDtlsCase@3c756e4d]" name="testForValidFields" duration-ms="0" started-at="2017-03-23T11:48:06Z" finished-at="2017-03-23T11:48:06Z">
        </test-method>
        <test-method status="PASS" signature="testSplChar()[pri:0, instance:com.psl.testng.AddInvDtlsCase@3c756e4d]" name="testSplChar" duration-ms="0" started-at="2017-03-23T11:48:06Z" finished-at="2017-03-23T11:48:06Z">
        </test-method>
        <test-method status="PASS" signature="testPriceRange()[pri:0, instance:com.psl.testng.AddInvDtlsCase@3c756e4d]" name="testPriceRange" duration-ms="0" started-at="2017-03-23T11:48:06Z" finished-at="2017-03-23T11:48:06Z">
        </test-method>
      </class>
      <class name="com.psl.testng.LoginCase">
        <test-method status="PASS" signature="testBlankPwd()[pri:0, instance:com.psl.testng.LoginCase@402f32ff]" name="testBlankPwd" duration-ms="8" started-at="2017-03-23T11:48:06Z" finished-at="2017-03-23T11:48:06Z">
        </test-method>
        <test-method status="PASS" signature="testBlankUser()[pri:0, instance:com.psl.testng.LoginCase@402f32ff]" name="testBlankUser" duration-ms="0" started-at="2017-03-23T11:48:06Z" finished-at="2017-03-23T11:48:06Z">
        </test-method>
        <test-method status="PASS" signature="testSplCharUser()[pri:0, instance:com.psl.testng.LoginCase@402f32ff]" name="testSplCharUser" duration-ms="1" started-at="2017-03-23T11:48:06Z" finished-at="2017-03-23T11:48:06Z">
        </test-method>
        <test-method status="PASS" signature="testSplCharPwd()[pri:0, instance:com.psl.testng.LoginCase@402f32ff]" name="testSplCharPwd" duration-ms="0" started-at="2017-03-23T11:48:06Z" finished-at="2017-03-23T11:48:06Z">
        </test-method>
        <test-method status="PASS" signature="testValidUser()[pri:0, instance:com.psl.testng.LoginCase@402f32ff]" name="testValidUser" duration-ms="0" started-at="2017-03-23T11:48:06Z" finished-at="2017-03-23T11:48:06Z">
        </test-method>
      </class>
    </test>
  </suite>
</testng-results>
