<?xml version="1.0" encoding="UTF-8" ?>
<testsuite tests="13" failures="0" name="TestSuite" time="0.227" errors="0" skipped="0">
  <properties>
[...]
</properties>
  <testcase classname="com.psl.testng.AddInvDtlsCase" name="testBlankFields" time="0.214"/>
  <testcase classname="com.psl.testng.AddInvDtlsCase" name="testForValidFields" time="0.002"/>
  <testcase classname="com.psl.testng.AddInvDtlsCase" name="testPriceRange" time="0"/>
  <testcase classname="com.psl.testng.AddInvDtlsCase" name="testSplChar" time="0.001"/>
  <testcase classname="com.psl.testng.LoginCase" name="testBlankPwd" time="0.007"/>
  <testcase classname="com.psl.testng.LoginCase" name="testBlankUser" time="0"/>
  <testcase classname="com.psl.testng.LoginCase" name="testSplCharPwd" time="0.001"/>
  <testcase classname="com.psl.testng.LoginCase" name="testSplCharUser" time="0"/>
  <testcase classname="com.psl.testng.LoginCase" name="testValidUser" time="0.001"/>
  <testcase classname="com.psl.testng.testNGCase" name="testList1Empty" time="0.001"/>
  <testcase classname="com.psl.testng.testNGCase" name="testList1NotEmpty" time="0"/>
  <testcase classname="com.psl.testng.testNGCase" name="testListEmpty" time="0"/>
  <testcase classname="com.psl.testng.testNGCase" name="testListNotEmpty" time="0"/>
</testsuite>